#! /usr/local/bin/vvp
:ivl_version "12.0 (stable)";
:ivl_delay_selection "TYPICAL";
:vpi_time_precision + 0;
:vpi_module "/usr/local/lib/ivl/system.vpi";
:vpi_module "/usr/local/lib/ivl/vhdl_sys.vpi";
:vpi_module "/usr/local/lib/ivl/vhdl_textio.vpi";
:vpi_module "/usr/local/lib/ivl/v2005_math.vpi";
:vpi_module "/usr/local/lib/ivl/va_math.vpi";
:vpi_module "/usr/local/lib/ivl/v2009.vpi";
S_0x19157d00 .scope package, "$unit" "$unit" 2 1;
 .timescale 0 0;
S_0x19157e90 .scope module, "tb_mealy_1011_detector" "tb_mealy_1011_detector" 3 3;
 .timescale 0 0;
v0x1917e580_0 .var "clk", 0 0;
v0x1917e640_0 .var "reset", 0 0;
v0x1917e710_0 .var "x", 0 0;
v0x1917e810_0 .net "y", 0 0, v0x1917e440_0;  1 drivers
S_0x1912f580 .scope module, "uut" "mealy_1011_detector" 3 7, 4 2 0, S_0x19157e90;
 .timescale 0 0;
    .port_info 0 /INPUT 1 "clk";
    .port_info 1 /INPUT 1 "reset";
    .port_info 2 /INPUT 1 "x";
    .port_info 3 /OUTPUT 1 "y";
enum0x19140b20 .enum4 (3)
   "S0" 3'b000,
   "S1" 3'b001,
   "S2" 3'b010,
   "S3" 3'b011
 ;
v0x191584c0_0 .net "clk", 0 0, v0x1917e580_0;  1 drivers
v0x1917e0a0_0 .var "current_state", 2 0;
v0x1917e180_0 .var "next_state", 2 0;
v0x1917e270_0 .net "reset", 0 0, v0x1917e640_0;  1 drivers
v0x1917e330_0 .net "x", 0 0, v0x1917e710_0;  1 drivers
v0x1917e440_0 .var "y", 0 0;
E_0x19153e80 .event anyedge, v0x1917e0a0_0, v0x1917e330_0;
E_0x19153ef0 .event posedge, v0x1917e270_0, v0x191584c0_0;
    .scope S_0x1912f580;
T_0 ;
    %wait E_0x19153ef0;
    %load/vec4 v0x1917e270_0;
    %flag_set/vec4 8;
    %jmp/0xz  T_0.0, 8;
    %pushi/vec4 0, 0, 3;
    %assign/vec4 v0x1917e0a0_0, 0;
    %jmp T_0.1;
T_0.0 ;
    %load/vec4 v0x1917e180_0;
    %assign/vec4 v0x1917e0a0_0, 0;
T_0.1 ;
    %jmp T_0;
    .thread T_0;
    .scope S_0x1912f580;
T_1 ;
    %wait E_0x19153e80;
    %pushi/vec4 0, 0, 1;
    %store/vec4 v0x1917e440_0, 0, 1;
    %load/vec4 v0x1917e0a0_0;
    %dup/vec4;
    %pushi/vec4 0, 0, 3;
    %cmp/u;
    %jmp/1 T_1.0, 6;
    %dup/vec4;
    %pushi/vec4 1, 0, 3;
    %cmp/u;
    %jmp/1 T_1.1, 6;
    %dup/vec4;
    %pushi/vec4 2, 0, 3;
    %cmp/u;
    %jmp/1 T_1.2, 6;
    %dup/vec4;
    %pushi/vec4 3, 0, 3;
    %cmp/u;
    %jmp/1 T_1.3, 6;
    %pushi/vec4 0, 0, 3;
    %store/vec4 v0x1917e180_0, 0, 3;
    %jmp T_1.5;
T_1.0 ;
    %load/vec4 v0x1917e330_0;
    %flag_set/vec4 8;
    %jmp/0xz  T_1.6, 8;
    %pushi/vec4 1, 0, 3;
    %store/vec4 v0x1917e180_0, 0, 3;
    %jmp T_1.7;
T_1.6 ;
    %pushi/vec4 0, 0, 3;
    %store/vec4 v0x1917e180_0, 0, 3;
T_1.7 ;
    %jmp T_1.5;
T_1.1 ;
    %load/vec4 v0x1917e330_0;
    %flag_set/vec4 8;
    %jmp/0xz  T_1.8, 8;
    %pushi/vec4 1, 0, 3;
    %store/vec4 v0x1917e180_0, 0, 3;
    %jmp T_1.9;
T_1.8 ;
    %pushi/vec4 2, 0, 3;
    %store/vec4 v0x1917e180_0, 0, 3;
T_1.9 ;
    %jmp T_1.5;
T_1.2 ;
    %load/vec4 v0x1917e330_0;
    %flag_set/vec4 8;
    %jmp/0xz  T_1.10, 8;
    %pushi/vec4 3, 0, 3;
    %store/vec4 v0x1917e180_0, 0, 3;
    %jmp T_1.11;
T_1.10 ;
    %pushi/vec4 0, 0, 3;
    %store/vec4 v0x1917e180_0, 0, 3;
T_1.11 ;
    %jmp T_1.5;
T_1.3 ;
    %load/vec4 v0x1917e330_0;
    %flag_set/vec4 8;
    %jmp/0xz  T_1.12, 8;
    %pushi/vec4 1, 0, 3;
    %store/vec4 v0x1917e180_0, 0, 3;
    %pushi/vec4 1, 0, 1;
    %store/vec4 v0x1917e440_0, 0, 1;
    %jmp T_1.13;
T_1.12 ;
    %pushi/vec4 2, 0, 3;
    %store/vec4 v0x1917e180_0, 0, 3;
    %pushi/vec4 0, 0, 1;
    %store/vec4 v0x1917e440_0, 0, 1;
T_1.13 ;
    %jmp T_1.5;
T_1.5 ;
    %pop/vec4 1;
    %jmp T_1;
    .thread T_1, $push;
    .scope S_0x19157e90;
T_2 ;
    %pushi/vec4 0, 0, 1;
    %store/vec4 v0x1917e580_0, 0, 1;
T_2.0 ;
    %delay 5, 0;
    %load/vec4 v0x1917e580_0;
    %inv;
    %store/vec4 v0x1917e580_0, 0, 1;
    %jmp T_2.0;
    %end;
    .thread T_2;
    .scope S_0x19157e90;
T_3 ;
    %vpi_call/w 3 22 "$display", "Time\011X\011Y" {0 0 0};
    %vpi_call/w 3 23 "$monitor", "%0t\011%b\011%b", $time, v0x1917e710_0, v0x1917e810_0 {0 0 0};
    %pushi/vec4 1, 0, 1;
    %store/vec4 v0x1917e640_0, 0, 1;
    %pushi/vec4 0, 0, 1;
    %store/vec4 v0x1917e710_0, 0, 1;
    %delay 10, 0;
    %pushi/vec4 0, 0, 1;
    %store/vec4 v0x1917e640_0, 0, 1;
    %pushi/vec4 1, 0, 1;
    %store/vec4 v0x1917e710_0, 0, 1;
    %delay 10, 0;
    %pushi/vec4 0, 0, 1;
    %store/vec4 v0x1917e710_0, 0, 1;
    %delay 10, 0;
    %pushi/vec4 1, 0, 1;
    %store/vec4 v0x1917e710_0, 0, 1;
    %delay 10, 0;
    %pushi/vec4 1, 0, 1;
    %store/vec4 v0x1917e710_0, 0, 1;
    %delay 10, 0;
    %pushi/vec4 1, 0, 1;
    %store/vec4 v0x1917e710_0, 0, 1;
    %delay 10, 0;
    %pushi/vec4 0, 0, 1;
    %store/vec4 v0x1917e710_0, 0, 1;
    %delay 10, 0;
    %pushi/vec4 1, 0, 1;
    %store/vec4 v0x1917e710_0, 0, 1;
    %delay 10, 0;
    %pushi/vec4 1, 0, 1;
    %store/vec4 v0x1917e710_0, 0, 1;
    %delay 10, 0;
    %vpi_call/w 3 37 "$finish" {0 0 0};
    %end;
    .thread T_3;
# The file index is used to find the file name in the following table.
:file_names 5;
    "N/A";
    "<interactive>";
    "-";
    "testbench.sv";
    "design.sv";
